[2020-05-03 16:15:32.085] [LOG]    Starting MagicMirror: v2.11.0
[2020-05-03 16:15:32.186] [LOG]    Loading config ...
[2020-05-03 16:15:32.235] [LOG]    Loading module helpers ...
[2020-05-03 16:15:32.261] [LOG]    No helper found for module: alert.
[2020-05-03 16:15:32.672] [LOG]    Initializing new module helper ...
[2020-05-03 16:15:32.700] [LOG]    Module helper loaded: updatenotification
[2020-05-03 16:15:32.704] [LOG]    No helper found for module: clock.
[2020-05-03 16:15:36.442] [LOG]    Initializing new module helper ...
[2020-05-03 16:15:36.451] [LOG]    Module helper loaded: calendar
[2020-05-03 16:15:36.459] [LOG]    No helper found for module: compliments.
[2020-05-03 16:15:36.462] [LOG]    No helper found for module: currentweather.
[2020-05-03 16:15:36.465] [LOG]    No helper found for module: weatherforecast.
[2020-05-03 16:15:36.705] [LOG]    Initializing new module helper ...
[2020-05-03 16:15:36.715] [LOG]    Module helper loaded: newsfeed
[2020-05-03 16:15:36.723] [LOG]    All module helpers loaded.
[2020-05-03 16:15:37.643] [LOG]    Starting server on port 8080 ... 
[2020-05-03 16:15:37.831] [LOG]    Server started ...
[2020-05-03 16:15:37.841] [LOG]    Connecting socket for: updatenotification
[2020-05-03 16:15:37.857] [LOG]    Connecting socket for: calendar
[2020-05-03 16:15:37.862] [LOG]    Starting node helper for: calendar
[2020-05-03 16:15:37.866] [LOG]    Connecting socket for: newsfeed
[2020-05-03 16:15:37.877] [LOG]    Starting module: newsfeed
[2020-05-03 16:15:37.880] [LOG]    Sockets connected & modules started ...
[2020-05-03 16:15:37.883] [LOG]    
Ready to go! Please point your browser to: http://localhost:8080
[2020-05-03 16:16:59.985] [LOG]    Create new calendar fetcher for url: http://www.calendarlabs.com/ical-calendar/ics/76/US_Holidays.ics - Interval: 300000
[2020-05-03 16:17:01.237] [LOG]    Create new news fetcher for url: http://www.nytimes.com/services/xml/rss/nyt/HomePage.xml - Interval: 300000
[2020-05-03 16:17:45.228] [LOG]    [SIGTERM] Received. Shutting down server...
[2020-05-03 16:17:45.234] [LOG]    Stopping module helper: updatenotification
wm_set_cursor_visibility: visible using XCreateFontCursor
[2020-05-04 22:11:22.621] [LOG]    Starting MagicMirror: v2.11.0
[2020-05-04 22:11:22.727] [LOG]    Loading config ...
[2020-05-04 22:11:22.792] [LOG]    Loading module helpers ...
[2020-05-04 22:11:22.820] [LOG]    No helper found for module: alert.
[2020-05-04 22:11:23.222] [LOG]    Initializing new module helper ...
[2020-05-04 22:11:23.234] [LOG]    Module helper loaded: updatenotification
[2020-05-04 22:11:23.248] [LOG]    No helper found for module: clock.
[2020-05-04 22:11:27.098] [LOG]    Initializing new module helper ...
[2020-05-04 22:11:27.107] [LOG]    Module helper loaded: calendar
[2020-05-04 22:11:27.117] [LOG]    No helper found for module: compliments.
[2020-05-04 22:11:27.123] [LOG]    No helper found for module: currentweather.
[2020-05-04 22:11:27.136] [LOG]    No helper found for module: weatherforecast.
[2020-05-04 22:11:27.370] [LOG]    Initializing new module helper ...
[2020-05-04 22:11:27.378] [LOG]    Module helper loaded: newsfeed
[2020-05-04 22:11:27.380] [LOG]    All module helpers loaded.
[2020-05-04 22:11:28.323] [LOG]    Starting server on port 8080 ... 
[2020-05-04 22:11:28.475] [LOG]    Server started ...
[2020-05-04 22:11:28.495] [LOG]    Connecting socket for: updatenotification
[2020-05-04 22:11:28.501] [LOG]    Connecting socket for: calendar
[2020-05-04 22:11:28.505] [LOG]    Starting node helper for: calendar
[2020-05-04 22:11:28.516] [LOG]    Connecting socket for: newsfeed
[2020-05-04 22:11:28.520] [LOG]    Starting module: newsfeed
[2020-05-04 22:11:28.522] [LOG]    Sockets connected & modules started ...
[2020-05-04 22:11:28.525] [LOG]    
Ready to go! Please point your browser to: http://localhost:8080
[2020-05-04 22:13:02.424] [LOG]    Create new calendar fetcher for url: http://www.calendarlabs.com/ical-calendar/ics/76/US_Holidays.ics - Interval: 300000
[2020-05-04 22:13:02.983] [LOG]    Create new news fetcher for url: http://www.nytimes.com/services/xml/rss/nyt/HomePage.xml - Interval: 300000
wm_set_cursor_visibility: visible using XCreateFontCursor
[2020-05-04 22:22:03.287] [LOG]    Starting MagicMirror: v2.11.0
[2020-05-04 22:22:03.392] [LOG]    Loading config ...
[2020-05-04 22:22:03.447] [LOG]    Loading module helpers ...
[2020-05-04 22:22:03.470] [LOG]    No helper found for module: alert.
[2020-05-04 22:22:03.865] [LOG]    Initializing new module helper ...
[2020-05-04 22:22:03.883] [LOG]    Module helper loaded: updatenotification
[2020-05-04 22:22:03.889] [LOG]    No helper found for module: clock.
[2020-05-04 22:22:09.428] [LOG]    Initializing new module helper ...
[2020-05-04 22:22:09.436] [LOG]    Module helper loaded: calendar
[2020-05-04 22:22:09.446] [LOG]    No helper found for module: compliments.
[2020-05-04 22:22:09.451] [LOG]    No helper found for module: currentweather.
[2020-05-04 22:22:09.460] [LOG]    No helper found for module: weatherforecast.
[2020-05-04 22:22:09.703] [LOG]    Initializing new module helper ...
[2020-05-04 22:22:09.712] [LOG]    Module helper loaded: newsfeed
[2020-05-04 22:22:09.714] [LOG]    All module helpers loaded.
[2020-05-04 22:22:10.694] [LOG]    Starting server on port 8080 ... 
[2020-05-04 22:22:10.840] [LOG]    Server started ...
[2020-05-04 22:22:10.856] [LOG]    Connecting socket for: updatenotification
[2020-05-04 22:22:10.862] [LOG]    Connecting socket for: calendar
[2020-05-04 22:22:10.876] [LOG]    Starting node helper for: calendar
[2020-05-04 22:22:10.880] [LOG]    Connecting socket for: newsfeed
[2020-05-04 22:22:10.883] [LOG]    Starting module: newsfeed
[2020-05-04 22:22:10.895] [LOG]    Sockets connected & modules started ...
[2020-05-04 22:22:10.898] [LOG]    
Ready to go! Please point your browser to: http://localhost:8080
[2020-05-04 22:23:42.525] [LOG]    Create new calendar fetcher for url: http://www.calendarlabs.com/ical-calendar/ics/76/US_Holidays.ics - Interval: 300000
[2020-05-04 22:23:44.031] [LOG]    Create new news fetcher for url: http://www.nytimes.com/services/xml/rss/nyt/HomePage.xml - Interval: 300000
wm_set_cursor_visibility: visible using XCreateFontCursor
[2020-05-04 22:30:42.175] [LOG]    Starting MagicMirror: v2.11.0
[2020-05-04 22:30:42.355] [LOG]    Loading config ...
[2020-05-04 22:30:42.450] [LOG]    Loading module helpers ...
[2020-05-04 22:30:42.489] [LOG]    No helper found for module: alert.
[2020-05-04 22:30:43.286] [LOG]    Initializing new module helper ...
[2020-05-04 22:30:43.296] [LOG]    Module helper loaded: updatenotification
[2020-05-04 22:30:43.321] [LOG]    No helper found for module: clock.
[2020-05-04 22:30:50.864] [LOG]    Initializing new module helper ...
[2020-05-04 22:30:50.881] [LOG]    Module helper loaded: calendar
[2020-05-04 22:30:50.890] [LOG]    No helper found for module: compliments.
[2020-05-04 22:30:50.899] [LOG]    No helper found for module: currentweather.
[2020-05-04 22:30:50.917] [LOG]    No helper found for module: weatherforecast.
[2020-05-04 22:30:51.376] [LOG]    Initializing new module helper ...
[2020-05-04 22:30:51.390] [LOG]    Module helper loaded: newsfeed
[2020-05-04 22:30:51.392] [LOG]    All module helpers loaded.
[2020-05-04 22:30:54.059] [LOG]    Starting server on port 8080 ... 
[2020-05-04 22:30:54.205] [LOG]    Server started ...
[2020-05-04 22:30:54.216] [LOG]    Connecting socket for: updatenotification
[2020-05-04 22:30:54.230] [LOG]    Connecting socket for: calendar
[2020-05-04 22:30:54.234] [LOG]    Starting node helper for: calendar
[2020-05-04 22:30:54.238] [LOG]    Connecting socket for: newsfeed
[2020-05-04 22:30:54.250] [LOG]    Starting module: newsfeed
[2020-05-04 22:30:54.253] [LOG]    Sockets connected & modules started ...
[2020-05-04 22:30:54.264] [LOG]    
Ready to go! Please point your browser to: http://localhost:8080
wm_set_cursor_visibility: visible using XCreateFontCursor
[2020-05-04 22:39:27.170] [LOG]    [2020-05-04 22:39:27.175] [LOG]    Starting MagicMirror: v2.11.0
Starting MagicMirror: v2.11.0
[2020-05-04 22:39:27.365] [LOG]    [2020-05-04 22:39:27.374] [LOG]    Loading config ...
Loading config ...
[2020-05-04 22:39:27.459] [LOG]    [2020-05-04 22:39:27.474] [LOG]    Loading module helpers ...
Loading module helpers ...
[2020-05-04 22:39:27.506] [LOG]    No helper found for module: alert.
[2020-05-04 22:39:27.515] [LOG]    No helper found for module: alert.
[2020-05-04 22:39:28.228] [LOG]    Initializing new module helper ...
[2020-05-04 22:39:28.259] [LOG]    Module helper loaded: updatenotification
[2020-05-04 22:39:28.265] [LOG]    No helper found for module: clock.
[2020-05-04 22:39:28.278] [LOG]    Initializing new module helper ...
[2020-05-04 22:39:28.303] [LOG]    Module helper loaded: updatenotification
[2020-05-04 22:39:28.323] [LOG]    No helper found for module: clock.
[2020-05-04 22:39:35.767] [LOG]    [2020-05-04 22:39:35.760] [LOG]    Initializing new module helper ...
[2020-05-04 22:39:35.777] [LOG]    Module helper loaded: calendar
[2020-05-04 22:39:35.793] [LOG]    No helper found for module: compliments.
[2020-05-04 22:39:35.800] [LOG]    No helper found for module: currentweather.
Initializing new module helper ...
[2020-05-04 22:39:35.789] [LOG]    Module helper loaded: calendar
[2020-05-04 22:39:35.797] [LOG]    No helper found for module: compliments.
[2020-05-04 22:39:35.811] [LOG]    No helper found for module: currentweather.
[2020-05-04 22:39:35.815] [LOG]    No helper found for module: weatherforecast.
[2020-05-04 22:39:35.817] [LOG]    No helper found for module: weatherforecast.
[2020-05-04 22:39:36.237] [LOG]    [2020-05-04 22:39:36.257] [LOG]    Initializing new module helper ...
[2020-05-04 22:39:36.266] [LOG]    Module helper loaded: newsfeed
[2020-05-04 22:39:36.268] [LOG]    All module helpers loaded.
Initializing new module helper ...
[2020-05-04 22:39:36.279] [LOG]    Module helper loaded: newsfeed
[2020-05-04 22:39:36.282] [LOG]    All module helpers loaded.
[2020-05-04 22:39:37.835] [LOG]    Starting server on port 8080 ... 
[2020-05-04 22:39:38.113] [LOG]    Server started ...
[2020-05-04 22:39:38.124] [LOG]    Connecting socket for: updatenotification
[2020-05-04 22:39:38.130] [LOG]    Connecting socket for: calendar
[2020-05-04 22:39:38.156] [LOG]    Starting node helper for: calendar
[2020-05-04 22:39:38.160] [LOG]    Connecting socket for: newsfeed
[2020-05-04 22:39:38.189] [LOG]    Starting module: newsfeed
[2020-05-04 22:39:38.200] [LOG]    Sockets connected & modules started ...
[2020-05-04 22:39:38.204] [LOG]    
Ready to go! Please point your browser to: http://localhost:8080
[2020-05-04 22:39:38.379] [LOG]    Starting server on port 8080 ... 
[2020-05-04 22:39:38.679] [LOG]    Server started ...
[2020-05-04 22:39:38.712] [LOG]    Connecting socket for: updatenotification
[2020-05-04 22:39:38.718] [LOG]    Connecting socket for: calendar
[2020-05-04 22:39:38.744] [LOG]    Starting node helper for: calendar
[2020-05-04 22:39:38.748] [LOG]    Connecting socket for: newsfeed
[2020-05-04 22:39:38.765] [LOG]    Starting module: newsfeed
[2020-05-04 22:39:38.782] [LOG]    Sockets connected & modules started ...
[2020-05-04 22:39:38.786] [LOG]    
Ready to go! Please point your browser to: http://localhost:8080
[2020-05-04 22:39:38.966] [LOG]    Whoops! There was an uncaught exception...
[2020-05-04 22:39:39.108] [LOG]    MagicMirror will not quit, but it might be a good idea to check why this happened. Maybe no internet connection?
[2020-05-04 22:39:39.121] [LOG]    If you think this really is an issue, please open an issue on GitHub: https://github.com/MichMich/MagicMirror/issues
wm_set_cursor_visibility: visible using XCreateFontCursor
[2020-05-04 22:39:58.784] [LOG]    [SIGINT] Received. Shutting down server...
[2020-05-04 22:39:58.877] [LOG]    Stopping module helper: updatenotification
[2020-05-04 22:39:58.880] [LOG]    Stopping module helper: calendar
[2020-05-04 22:39:58.912] [LOG]    Stopping module helper: newsfeed
[2020-05-04 22:40:05.775] [LOG]    Starting MagicMirror: v2.11.0
[2020-05-04 22:40:05.868] [LOG]    Loading config ...
[2020-05-04 22:40:05.915] [LOG]    Loading module helpers ...
[2020-05-04 22:40:05.930] [LOG]    No helper found for module: alert.
[2020-05-04 22:40:06.271] [LOG]    Initializing new module helper ...
[2020-05-04 22:40:06.299] [LOG]    Module helper loaded: updatenotification
[2020-05-04 22:40:06.304] [LOG]    No helper found for module: clock.
[2020-05-04 22:40:09.786] [LOG]    Initializing new module helper ...
[2020-05-04 22:40:09.792] [LOG]    Module helper loaded: calendar
[2020-05-04 22:40:09.796] [LOG]    No helper found for module: compliments.
[2020-05-04 22:40:09.799] [LOG]    No helper found for module: currentweather.
[2020-05-04 22:40:09.813] [LOG]    No helper found for module: weatherforecast.
[2020-05-04 22:40:10.010] [LOG]    Initializing new module helper ...
[2020-05-04 22:40:10.019] [LOG]    Module helper loaded: newsfeed
[2020-05-04 22:40:10.029] [LOG]    All module helpers loaded.
[2020-05-04 22:40:10.794] [LOG]    Starting server on port 8080 ... 
[2020-05-04 22:40:10.955] [LOG]    Server started ...
[2020-05-04 22:40:10.965] [LOG]    Connecting socket for: updatenotification
[2020-05-04 22:40:10.981] [LOG]    Connecting socket for: calendar
[2020-05-04 22:40:10.985] [LOG]    Starting node helper for: calendar
[2020-05-04 22:40:10.989] [LOG]    Connecting socket for: newsfeed
[2020-05-04 22:40:11.002] [LOG]    Starting module: newsfeed
[2020-05-04 22:40:11.005] [LOG]    Sockets connected & modules started ...
[2020-05-04 22:40:11.008] [LOG]    
Ready to go! Please point your browser to: http://localhost:8080
[2020-05-04 22:40:21.549] [LOG]    [SIGINT] Received. Shutting down server...
[2020-05-04 22:42:14.662] [LOG]    Starting MagicMirror: v2.11.0
[2020-05-04 22:42:14.767] [LOG]    Loading config ...
[2020-05-04 22:42:14.821] [LOG]    Loading module helpers ...
[2020-05-04 22:42:14.848] [LOG]    No helper found for module: alert.
[2020-05-04 22:42:15.243] [LOG]    Initializing new module helper ...
[2020-05-04 22:42:15.261] [LOG]    Module helper loaded: updatenotification
[2020-05-04 22:42:15.267] [LOG]    No helper found for module: clock.
[2020-05-04 22:42:21.250] [LOG]    Initializing new module helper ...
[2020-05-04 22:42:21.265] [LOG]    Module helper loaded: calendar
[2020-05-04 22:42:21.274] [LOG]    No helper found for module: compliments.
[2020-05-04 22:42:21.294] [LOG]    No helper found for module: currentweather.
[2020-05-04 22:42:21.304] [LOG]    No helper found for module: weatherforecast.
[2020-05-04 22:42:21.744] [LOG]    Initializing new module helper ...
[2020-05-04 22:42:21.765] [LOG]    Module helper loaded: newsfeed
[2020-05-04 22:42:21.767] [LOG]    All module helpers loaded.
[2020-05-04 22:42:23.556] [LOG]    Starting server on port 8080 ... 
[2020-05-04 22:42:23.831] [LOG]    Server started ...
[2020-05-04 22:42:23.842] [LOG]    Connecting socket for: updatenotification
[2020-05-04 22:42:23.866] [LOG]    Connecting socket for: calendar
[2020-05-04 22:42:23.870] [LOG]    Starting node helper for: calendar
[2020-05-04 22:42:23.895] [LOG]    Connecting socket for: newsfeed
[2020-05-04 22:42:23.899] [LOG]    Starting module: newsfeed
[2020-05-04 22:42:23.901] [LOG]    Sockets connected & modules started ...
[2020-05-04 22:42:23.917] [LOG]    
Ready to go! Please point your browser to: http://localhost:8080
[2020-05-04 22:43:39.707] [LOG]    Create new calendar fetcher for url: http://www.calendarlabs.com/ical-calendar/ics/76/US_Holidays.ics - Interval: 300000
[2020-05-04 22:43:43.322] [LOG]    Create new news fetcher for url: http://www.nytimes.com/services/xml/rss/nyt/HomePage.xml - Interval: 300000
wm_set_cursor_visibility: visible using XCreateFontCursor
[2020-05-04 22:46:27.305] [LOG]    Starting MagicMirror: v2.11.0
[2020-05-04 22:46:27.412] [LOG]    Loading config ...
[2020-05-04 22:46:27.468] [LOG]    Loading module helpers ...
[2020-05-04 22:46:27.491] [LOG]    No helper found for module: alert.
[2020-05-04 22:46:27.890] [LOG]    Initializing new module helper ...
[2020-05-04 22:46:27.900] [LOG]    Module helper loaded: updatenotification
[2020-05-04 22:46:27.913] [LOG]    No helper found for module: clock.
[2020-05-04 22:46:31.884] [LOG]    Initializing new module helper ...
[2020-05-04 22:46:31.892] [LOG]    Module helper loaded: calendar
[2020-05-04 22:46:31.905] [LOG]    No helper found for module: compliments.
[2020-05-04 22:46:31.909] [LOG]    No helper found for module: currentweather.
[2020-05-04 22:46:31.917] [LOG]    No helper found for module: weatherforecast.
[2020-05-04 22:46:32.158] [LOG]    Initializing new module helper ...
[2020-05-04 22:46:32.167] [LOG]    Module helper loaded: newsfeed
[2020-05-04 22:46:32.169] [LOG]    All module helpers loaded.
[2020-05-04 22:46:33.103] [LOG]    Starting server on port 8080 ... 
[2020-05-04 22:46:33.249] [LOG]    Server started ...
[2020-05-04 22:46:33.261] [LOG]    Connecting socket for: updatenotification
[2020-05-04 22:46:33.277] [LOG]    Connecting socket for: calendar
[2020-05-04 22:46:33.281] [LOG]    Starting node helper for: calendar
[2020-05-04 22:46:33.285] [LOG]    Connecting socket for: newsfeed
[2020-05-04 22:46:33.298] [LOG]    Starting module: newsfeed
[2020-05-04 22:46:33.301] [LOG]    Sockets connected & modules started ...
[2020-05-04 22:46:33.304] [LOG]    
Ready to go! Please point your browser to: http://localhost:8080
[2020-05-04 22:48:05.086] [LOG]    Create new calendar fetcher for url: http://www.calendarlabs.com/ical-calendar/ics/76/US_Holidays.ics - Interval: 300000
[2020-05-04 22:48:06.091] [LOG]    Create new news fetcher for url: http://www.nytimes.com/services/xml/rss/nyt/HomePage.xml - Interval: 300000
wm_set_cursor_visibility: visible using XCreateFontCursor
[2020-05-05 18:12:04.325] [LOG]    Starting MagicMirror: v2.11.0
[2020-05-05 18:12:04.431] [LOG]    Loading config ...
[2020-05-05 18:12:04.486] [LOG]    Loading module helpers ...
[2020-05-05 18:12:04.508] [LOG]    No helper found for module: alert.
[2020-05-05 18:12:04.904] [LOG]    Initializing new module helper ...
[2020-05-05 18:12:04.914] [LOG]    Module helper loaded: updatenotification
[2020-05-05 18:12:04.928] [LOG]    No helper found for module: clock.
[2020-05-05 18:12:10.599] [LOG]    Initializing new module helper ...
[2020-05-05 18:12:10.607] [LOG]    Module helper loaded: calendar
[2020-05-05 18:12:10.615] [LOG]    No helper found for module: compliments.
[2020-05-05 18:12:10.624] [LOG]    No helper found for module: currentweather.
[2020-05-05 18:12:10.637] [LOG]    No helper found for module: weatherforecast.
[2020-05-05 18:12:10.873] [LOG]    Initializing new module helper ...
[2020-05-05 18:12:10.880] [LOG]    Module helper loaded: newsfeed
[2020-05-05 18:12:10.882] [LOG]    All module helpers loaded.
[2020-05-05 18:12:11.819] [LOG]    Starting server on port 8080 ... 
[2020-05-05 18:12:11.965] [LOG]    Server started ...
[2020-05-05 18:12:11.977] [LOG]    Connecting socket for: updatenotification
[2020-05-05 18:12:11.983] [LOG]    Connecting socket for: calendar
[2020-05-05 18:12:11.997] [LOG]    Starting node helper for: calendar
[2020-05-05 18:12:12.006] [LOG]    Connecting socket for: newsfeed
[2020-05-05 18:12:12.009] [LOG]    Starting module: newsfeed
[2020-05-05 18:12:12.012] [LOG]    Sockets connected & modules started ...
[2020-05-05 18:12:12.015] [LOG]    
Ready to go! Please point your browser to: http://localhost:8080
wm_set_cursor_visibility: visible using XCreateFontCursor
[2020-05-05 18:36:40.528] [LOG]    Starting MagicMirror: v2.11.0
[2020-05-05 18:36:40.633] [LOG]    Loading config ...
[2020-05-05 18:36:40.688] [LOG]    Loading module helpers ...
[2020-05-05 18:36:40.714] [LOG]    No helper found for module: alert.
[2020-05-05 18:36:41.133] [LOG]    Initializing new module helper ...
[2020-05-05 18:36:41.151] [LOG]    Module helper loaded: updatenotification
[2020-05-05 18:36:41.157] [LOG]    No helper found for module: clock.
[2020-05-05 18:36:47.324] [LOG]    Initializing new module helper ...
[2020-05-05 18:36:47.332] [LOG]    Module helper loaded: calendar
[2020-05-05 18:36:47.342] [LOG]    No helper found for module: compliments.
[2020-05-05 18:36:47.347] [LOG]    No helper found for module: currentweather.
[2020-05-05 18:36:47.360] [LOG]    No helper found for module: weatherforecast.
[2020-05-05 18:36:47.595] [LOG]    Initializing new module helper ...
[2020-05-05 18:36:47.603] [LOG]    Module helper loaded: newsfeed
[2020-05-05 18:36:47.605] [LOG]    All module helpers loaded.
[2020-05-05 18:36:48.534] [LOG]    Starting server on port 8080 ... 
[2020-05-05 18:36:48.678] [LOG]    Server started ...
[2020-05-05 18:36:48.691] [LOG]    Connecting socket for: updatenotification
[2020-05-05 18:36:48.712] [LOG]    Connecting socket for: calendar
[2020-05-05 18:36:48.716] [LOG]    Starting node helper for: calendar
[2020-05-05 18:36:48.720] [LOG]    Connecting socket for: newsfeed
[2020-05-05 18:36:48.732] [LOG]    Starting module: newsfeed
[2020-05-05 18:36:48.735] [LOG]    Sockets connected & modules started ...
[2020-05-05 18:36:48.738] [LOG]    
Ready to go! Please point your browser to: http://localhost:8080
[2020-05-05 18:38:23.336] [LOG]    Create new calendar fetcher for url: http://www.calendarlabs.com/ical-calendar/ics/76/US_Holidays.ics - Interval: 300000
[2020-05-05 18:38:24.762] [LOG]    Create new news fetcher for url: http://www.nytimes.com/services/xml/rss/nyt/HomePage.xml - Interval: 300000
wm_set_cursor_visibility: visible using XCreateFontCursor
[2020-05-18 15:30:39.546] [LOG]    Starting MagicMirror: v2.11.0
[2020-05-18 15:30:39.654] [LOG]    Loading config ...
[2020-05-18 15:30:39.715] [LOG]    Loading module helpers ...
[2020-05-18 15:30:39.746] [LOG]    No helper found for module: alert.
[2020-05-18 15:30:40.175] [LOG]    Initializing new module helper ...
[2020-05-18 15:30:40.196] [LOG]    Module helper loaded: updatenotification
[2020-05-18 15:30:40.203] [LOG]    No helper found for module: clock.
[2020-05-18 15:30:44.338] [LOG]    Initializing new module helper ...
[2020-05-18 15:30:44.347] [LOG]    Module helper loaded: calendar
[2020-05-18 15:30:44.354] [LOG]    No helper found for module: compliments.
[2020-05-18 15:30:44.366] [LOG]    No helper found for module: currentweather.
[2020-05-18 15:30:44.372] [LOG]    No helper found for module: weatherforecast.
[2020-05-18 15:30:44.641] [LOG]    Initializing new module helper ...
[2020-05-18 15:30:44.651] [LOG]    Module helper loaded: newsfeed
[2020-05-18 15:30:44.653] [LOG]    All module helpers loaded.
[2020-05-18 15:30:45.720] [LOG]    Starting server on port 8080 ... 
[2020-05-18 15:30:45.871] [LOG]    Server started ...
[2020-05-18 15:30:45.883] [LOG]    Connecting socket for: updatenotification
[2020-05-18 15:30:45.900] [LOG]    Connecting socket for: calendar
[2020-05-18 15:30:45.904] [LOG]    Starting node helper for: calendar
[2020-05-18 15:30:45.920] [LOG]    Connecting socket for: newsfeed
[2020-05-18 15:30:45.923] [LOG]    Starting module: newsfeed
[2020-05-18 15:30:45.925] [LOG]    Sockets connected & modules started ...
[2020-05-18 15:30:45.938] [LOG]    
Ready to go! Please point your browser to: http://localhost:8080
[2020-05-18 15:32:04.692] [LOG]    Create new calendar fetcher for url: http://www.calendarlabs.com/ical-calendar/ics/76/US_Holidays.ics - Interval: 300000
[2020-05-18 15:32:07.564] [LOG]    Create new news fetcher for url: http://www.nytimes.com/services/xml/rss/nyt/HomePage.xml - Interval: 300000
wm_set_cursor_visibility: visible using XCreateFontCursor
[2020-05-18 15:52:00.693] [LOG]    Starting MagicMirror: v2.11.0
[2020-05-18 15:52:00.805] [LOG]    Loading config ...
[2020-05-18 15:52:00.866] [LOG]    Loading module helpers ...
[2020-05-18 15:52:00.894] [LOG]    No helper found for module: alert.
[2020-05-18 15:52:01.342] [LOG]    Initializing new module helper ...
[2020-05-18 15:52:01.354] [LOG]    Module helper loaded: updatenotification
[2020-05-18 15:52:01.371] [LOG]    No helper found for module: clock.
[2020-05-18 15:52:05.587] [LOG]    Initializing new module helper ...
[2020-05-18 15:52:05.596] [LOG]    Module helper loaded: calendar
[2020-05-18 15:52:05.608] [LOG]    No helper found for module: compliments.
[2020-05-18 15:52:05.622] [LOG]    No helper found for module: currentweather.
[2020-05-18 15:52:05.629] [LOG]    No helper found for module: weatherforecast.
[2020-05-18 15:52:05.894] [LOG]    Initializing new module helper ...
[2020-05-18 15:52:05.904] [LOG]    Module helper loaded: newsfeed
[2020-05-18 15:52:05.906] [LOG]    All module helpers loaded.
[2020-05-18 15:52:06.989] [LOG]    Starting server on port 8080 ... 
[2020-05-18 15:52:07.153] [LOG]    Server started ...
[2020-05-18 15:52:07.163] [LOG]    Connecting socket for: updatenotification
[2020-05-18 15:52:07.179] [LOG]    Connecting socket for: calendar
[2020-05-18 15:52:07.182] [LOG]    Starting node helper for: calendar
[2020-05-18 15:52:07.195] [LOG]    Connecting socket for: newsfeed
[2020-05-18 15:52:07.207] [LOG]    Starting module: newsfeed
[2020-05-18 15:52:07.210] [LOG]    Sockets connected & modules started ...
[2020-05-18 15:52:07.212] [LOG]    
Ready to go! Please point your browser to: http://localhost:8080
[2020-05-18 15:53:28.080] [LOG]    Create new calendar fetcher for url: http://www.calendarlabs.com/ical-calendar/ics/76/US_Holidays.ics - Interval: 300000
[2020-05-18 15:53:29.654] [LOG]    Create new news fetcher for url: http://www.nytimes.com/services/xml/rss/nyt/HomePage.xml - Interval: 300000
wm_set_cursor_visibility: visible using XCreateFontCursor
[2020-05-18 16:39:46.857] [LOG]    Starting MagicMirror: v2.11.0
[2020-05-18 16:39:46.970] [LOG]    Loading config ...
[2020-05-18 16:39:47.033] [LOG]    Loading module helpers ...
[2020-05-18 16:39:47.061] [LOG]    No helper found for module: alert.
[2020-05-18 16:39:47.503] [LOG]    Initializing new module helper ...
[2020-05-18 16:39:47.512] [LOG]    Module helper loaded: updatenotification
[2020-05-18 16:39:47.529] [LOG]    No helper found for module: clock.
[2020-05-18 16:39:51.774] [LOG]    Initializing new module helper ...
[2020-05-18 16:39:51.785] [LOG]    Module helper loaded: calendar
[2020-05-18 16:39:51.791] [LOG]    No helper found for module: compliments.
[2020-05-18 16:39:51.802] [LOG]    No helper found for module: currentweather.
[2020-05-18 16:39:57.442] [LOG]    Initializing new module helper ...
[2020-05-18 16:39:57.451] [LOG]    Module helper loaded: MMM-Traffic
[2020-05-18 16:39:57.459] [LOG]    No helper found for module: weatherforecast.
[2020-05-18 16:39:57.851] [LOG]    Initializing new module helper ...
[2020-05-18 16:39:57.859] [LOG]    Module helper loaded: newsfeed
[2020-05-18 16:39:57.861] [LOG]    All module helpers loaded.
[2020-05-18 16:39:58.941] [LOG]    Starting server on port 8080 ... 
[2020-05-18 16:39:59.215] [LOG]    Server started ...
[2020-05-18 16:39:59.243] [LOG]    Connecting socket for: updatenotification
[2020-05-18 16:39:59.258] [LOG]    Connecting socket for: calendar
[2020-05-18 16:39:59.262] [LOG]    Starting node helper for: calendar
[2020-05-18 16:39:59.265] [LOG]    Connecting socket for: MMM-Traffic
[2020-05-18 16:39:59.278] [LOG]    MMM-Traffic helper started ...
[2020-05-18 16:39:59.292] [LOG]    Connecting socket for: newsfeed
[2020-05-18 16:39:59.295] [LOG]    Starting module: newsfeed
[2020-05-18 16:39:59.297] [LOG]    Sockets connected & modules started ...
[2020-05-18 16:39:59.307] [LOG]    
Ready to go! Please point your browser to: http://localhost:8080
[2020-05-18 16:41:11.438] [LOG]    Create new calendar fetcher for url: https://calendar.google.com/calendar/ical/marystuartelder%40gmail.com/private-6f5f8395cf89526a9e3d2d9da4add43d/basic.ics - Interval: 300000
wm_set_cursor_visibility: visible using XCreateFontCursor
[2020-05-18 17:01:18.487] [LOG]    Starting MagicMirror: v2.11.0
[2020-05-18 17:01:18.595] [LOG]    Loading config ...
[2020-05-18 17:01:18.657] [LOG]    Loading module helpers ...
[2020-05-18 17:01:18.687] [LOG]    No helper found for module: alert.
[2020-05-18 17:01:19.117] [LOG]    Initializing new module helper ...
[2020-05-18 17:01:19.128] [LOG]    Module helper loaded: updatenotification
[2020-05-18 17:01:19.144] [LOG]    No helper found for module: clock.
[2020-05-18 17:01:23.365] [LOG]    Initializing new module helper ...
[2020-05-18 17:01:23.375] [LOG]    Module helper loaded: calendar
[2020-05-18 17:01:23.383] [LOG]    No helper found for module: compliments.
[2020-05-18 17:01:23.400] [LOG]    No helper found for module: currentweather.
[2020-05-18 17:01:26.600] [LOG]    Initializing new module helper ...
[2020-05-18 17:01:26.607] [LOG]    Module helper loaded: MMM-Traffic
[2020-05-18 17:01:29.903] [LOG]    Initializing new module helper ...
[2020-05-18 17:01:29.930] [LOG]    Module helper loaded: MMM-Traffic2
[2020-05-18 17:01:29.949] [LOG]    No helper found for module: weatherforecast.
[2020-05-18 17:01:30.261] [LOG]    Initializing new module helper ...
[2020-05-18 17:01:30.268] [LOG]    Module helper loaded: newsfeed
[2020-05-18 17:01:30.280] [LOG]    All module helpers loaded.
[2020-05-18 17:01:31.325] [LOG]    Starting server on port 8080 ... 
[2020-05-18 17:01:31.634] [LOG]    Server started ...
[2020-05-18 17:01:31.658] [LOG]    Connecting socket for: updatenotification
[2020-05-18 17:01:31.666] [LOG]    Connecting socket for: calendar
[2020-05-18 17:01:31.679] [LOG]    Starting node helper for: calendar
[2020-05-18 17:01:31.688] [LOG]    Connecting socket for: MMM-Traffic
[2020-05-18 17:01:31.691] [LOG]    MMM-Traffic helper started ...
[2020-05-18 17:01:31.697] [LOG]    Connecting socket for: MMM-Traffic2
[2020-05-18 17:01:31.717] [LOG]    MMM-Traffic helper started ...
[2020-05-18 17:01:31.729] [LOG]    Connecting socket for: newsfeed
[2020-05-18 17:01:31.734] [LOG]    Starting module: newsfeed
[2020-05-18 17:01:31.736] [LOG]    Sockets connected & modules started ...
[2020-05-18 17:01:31.748] [LOG]    
Ready to go! Please point your browser to: http://localhost:8080
[2020-05-18 17:02:47.087] [LOG]    Create new calendar fetcher for url: https://calendar.google.com/calendar/ical/marystuartelder%40gmail.com/private-6f5f8395cf89526a9e3d2d9da4add43d/basic.ics - Interval: 300000
[2020-05-18 17:02:50.231] [LOG]    Create new news fetcher for url: http://www.nytimes.com/services/xml/rss/nyt/HomePage.xml - Interval: 300000
wm_set_cursor_visibility: visible using XCreateFontCursor
[2020-05-18 17:23:02.305] [LOG]    Starting MagicMirror: v2.11.0
[2020-05-18 17:23:02.417] [LOG]    Loading config ...
[2020-05-18 17:23:02.483] [LOG]    Loading module helpers ...
[2020-05-18 17:23:02.509] [LOG]    No helper found for module: alert.
[2020-05-18 17:23:02.941] [LOG]    Initializing new module helper ...
[2020-05-18 17:23:02.953] [LOG]    Module helper loaded: updatenotification
[2020-05-18 17:23:02.963] [LOG]    No helper found for module: clock.
[2020-05-18 17:23:07.142] [LOG]    Initializing new module helper ...
[2020-05-18 17:23:07.152] [LOG]    Module helper loaded: calendar
[2020-05-18 17:23:07.155] [LOG]    No helper found for module: calendar2.
[2020-05-18 17:23:07.169] [LOG]    No helper found for module: compliments.
[2020-05-18 17:23:07.175] [LOG]    No helper found for module: currentweather.
[2020-05-18 17:23:10.329] [LOG]    Initializing new module helper ...
[2020-05-18 17:23:10.337] [LOG]    Module helper loaded: MMM-Traffic
[2020-05-18 17:23:13.723] [LOG]    Initializing new module helper ...
[2020-05-18 17:23:13.730] [LOG]    Module helper loaded: MMM-Traffic2
[2020-05-18 17:23:13.738] [LOG]    No helper found for module: weatherforecast.
[2020-05-18 17:23:14.033] [LOG]    Initializing new module helper ...
[2020-05-18 17:23:14.043] [LOG]    Module helper loaded: newsfeed
[2020-05-18 17:23:14.045] [LOG]    All module helpers loaded.
[2020-05-18 17:23:14.977] [LOG]    Starting server on port 8080 ... 
[2020-05-18 17:23:15.129] [LOG]    Server started ...
[2020-05-18 17:23:15.139] [LOG]    Connecting socket for: updatenotification
[2020-05-18 17:23:15.157] [LOG]    Connecting socket for: calendar
[2020-05-18 17:23:15.169] [LOG]    Starting node helper for: calendar
[2020-05-18 17:23:15.181] [LOG]    Connecting socket for: MMM-Traffic
[2020-05-18 17:23:15.184] [LOG]    MMM-Traffic helper started ...
[2020-05-18 17:23:15.188] [LOG]    Connecting socket for: MMM-Traffic2
[2020-05-18 17:23:15.200] [LOG]    MMM-Traffic helper started ...
[2020-05-18 17:23:15.204] [LOG]    Connecting socket for: newsfeed
[2020-05-18 17:23:15.209] [LOG]    Starting module: newsfeed
[2020-05-18 17:23:15.225] [LOG]    Sockets connected & modules started ...
[2020-05-18 17:23:15.232] [LOG]    
Ready to go! Please point your browser to: http://localhost:8080
[2020-05-18 17:24:31.224] [LOG]    Create new calendar fetcher for url: https://calendar.google.com/calendar/ical/marystuartelder%40gmail.com/private-6f5f8395cf89526a9e3d2d9da4add43d/basic.ics - Interval: 300000
[2020-05-18 17:24:35.650] [LOG]    Create new news fetcher for url: http://www.nytimes.com/services/xml/rss/nyt/HomePage.xml - Interval: 300000
wm_set_cursor_visibility: visible using XCreateFontCursor
[2020-05-18 17:28:36.452] [LOG]    Starting MagicMirror: v2.11.0
[2020-05-18 17:28:36.563] [LOG]    Loading config ...
[2020-05-18 17:28:36.626] [LOG]    Loading module helpers ...
[2020-05-18 17:28:36.648] [LOG]    No helper found for module: alert.
[2020-05-18 17:28:37.079] [LOG]    Initializing new module helper ...
[2020-05-18 17:28:37.090] [LOG]    Module helper loaded: updatenotification
[2020-05-18 17:28:37.104] [LOG]    No helper found for module: clock.
[2020-05-18 17:28:41.309] [LOG]    Initializing new module helper ...
[2020-05-18 17:28:41.318] [LOG]    Module helper loaded: calendar
[2020-05-18 17:28:41.410] [LOG]    Initializing new module helper ...
[2020-05-18 17:28:41.420] [LOG]    Module helper loaded: calendar2
[2020-05-18 17:28:41.427] [LOG]    No helper found for module: compliments.
[2020-05-18 17:28:41.445] [LOG]    No helper found for module: currentweather.
[2020-05-18 17:28:44.668] [LOG]    Initializing new module helper ...
[2020-05-18 17:28:44.676] [LOG]    Module helper loaded: MMM-Traffic
[2020-05-18 17:28:48.025] [LOG]    Initializing new module helper ...
[2020-05-18 17:28:48.056] [LOG]    Module helper loaded: MMM-Traffic2
[2020-05-18 17:28:48.075] [LOG]    No helper found for module: weatherforecast.
[2020-05-18 17:28:48.361] [LOG]    Initializing new module helper ...
[2020-05-18 17:28:48.370] [LOG]    Module helper loaded: newsfeed
[2020-05-18 17:28:48.373] [LOG]    All module helpers loaded.
[2020-05-18 17:28:49.514] [LOG]    Starting server on port 8080 ... 
[2020-05-18 17:28:49.736] [LOG]    Server started ...
[2020-05-18 17:28:49.748] [LOG]    Connecting socket for: updatenotification
[2020-05-18 17:28:49.753] [LOG]    Connecting socket for: calendar
[2020-05-18 17:28:49.765] [LOG]    Starting node helper for: calendar
[2020-05-18 17:28:49.779] [LOG]    Connecting socket for: calendar2
[2020-05-18 17:28:49.782] [LOG]    Starting node helper for: calendar2
[2020-05-18 17:28:49.794] [LOG]    Connecting socket for: MMM-Traffic
[2020-05-18 17:28:49.798] [LOG]    MMM-Traffic helper started ...
[2020-05-18 17:28:49.801] [LOG]    Connecting socket for: MMM-Traffic2
[2020-05-18 17:28:49.814] [LOG]    MMM-Traffic helper started ...
[2020-05-18 17:28:49.817] [LOG]    Connecting socket for: newsfeed
[2020-05-18 17:28:49.821] [LOG]    Starting module: newsfeed
[2020-05-18 17:28:49.834] [LOG]    Sockets connected & modules started ...
[2020-05-18 17:28:49.837] [LOG]    
Ready to go! Please point your browser to: http://localhost:8080
[2020-05-18 17:30:02.089] [LOG]    Create new calendar fetcher for url: https://calendar.google.com/calendar/ical/marystuartelder%40gmail.com/private-6f5f8395cf89526a9e3d2d9da4add43d/basic.ics - Interval: 300000
[2020-05-18 17:34:55.077] [LOG]    Create new calendar fetcher for url: https://calendar.google.com/calendar?cid=amhlbnJ5cGVucm9zZUBnbWFpbC5jb20 - Interval: 300000
[2020-05-19 13:49:28.792] [LOG]    Starting MagicMirror: v2.11.0
[2020-05-19 13:49:28.906] [LOG]    Loading config ...
[2020-05-19 13:49:28.970] [LOG]    Loading module helpers ...
[2020-05-19 13:49:28.996] [LOG]    No helper found for module: alert.
[2020-05-19 13:49:29.452] [LOG]    Initializing new module helper ...
[2020-05-19 13:49:29.461] [LOG]    Module helper loaded: updatenotification
[2020-05-19 13:49:29.476] [LOG]    No helper found for module: clock.
[2020-05-19 13:49:33.630] [LOG]    Initializing new module helper ...
[2020-05-19 13:49:33.638] [LOG]    Module helper loaded: calendar
[2020-05-19 13:49:33.743] [LOG]    Initializing new module helper ...
[2020-05-19 13:49:33.753] [LOG]    Module helper loaded: calendar2
[2020-05-19 13:49:33.759] [LOG]    No helper found for module: compliments.
[2020-05-19 13:49:33.768] [LOG]    No helper found for module: currentweather.
[2020-05-19 13:49:36.969] [LOG]    Initializing new module helper ...
[2020-05-19 13:49:36.979] [LOG]    Module helper loaded: MMM-Traffic
[2020-05-19 13:49:40.197] [LOG]    Initializing new module helper ...
[2020-05-19 13:49:40.208] [LOG]    Module helper loaded: MMM-Traffic2
[2020-05-19 13:49:40.217] [LOG]    No helper found for module: weatherforecast.
[2020-05-19 13:49:40.469] [LOG]    Initializing new module helper ...
[2020-05-19 13:49:40.478] [LOG]    Module helper loaded: newsfeed
[2020-05-19 13:49:40.480] [LOG]    All module helpers loaded.
[2020-05-19 13:49:41.605] [LOG]    Starting server on port 8080 ... 
[2020-05-19 13:49:41.831] [LOG]    Server started ...
[2020-05-19 13:49:41.840] [LOG]    Connecting socket for: updatenotification
[2020-05-19 13:49:41.858] [LOG]    Connecting socket for: calendar
[2020-05-19 13:49:41.869] [LOG]    Starting node helper for: calendar
[2020-05-19 13:49:41.872] [LOG]    Connecting socket for: calendar2
[2020-05-19 13:49:41.886] [LOG]    Starting node helper for: calendar2
[2020-05-19 13:49:41.889] [LOG]    Connecting socket for: MMM-Traffic
[2020-05-19 13:49:41.894] [LOG]    MMM-Traffic helper started ...
[2020-05-19 13:49:41.914] [LOG]    Connecting socket for: MMM-Traffic2
[2020-05-19 13:49:41.925] [LOG]    MMM-Traffic helper started ...
[2020-05-19 13:49:41.931] [LOG]    Connecting socket for: newsfeed
[2020-05-19 13:49:41.934] [LOG]    Starting module: newsfeed
[2020-05-19 13:49:41.936] [LOG]    Sockets connected & modules started ...
[2020-05-19 13:49:41.950] [LOG]    
Ready to go! Please point your browser to: http://localhost:8080
[2020-05-19 13:50:52.101] [LOG]    Create new calendar fetcher for url: https://calendar.google.com/calendar/ical/marystuartelder%40gmail.com/private-6f5f8395cf89526a9e3d2d9da4add43d/basic.ics - Interval: 300000
[2020-05-19 13:50:55.258] [LOG]    Create new calendar fetcher for url: https://calendar.google.com/calendar?cid=amhlbnJ5cGVucm9zZUBnbWFpbC5jb20 - Interval: 300000
[2020-05-19 13:50:56.163] [LOG]    Create new news fetcher for url: http://www.nytimes.com/services/xml/rss/nyt/HomePage.xml - Interval: 300000
wm_set_cursor_visibility: visible using XCreateFontCursor
[2020-05-19 15:51:58.470] [LOG]    Starting MagicMirror: v2.11.0
[2020-05-19 15:51:58.579] [LOG]    Loading config ...
[2020-05-19 15:51:58.640] [LOG]    Loading module helpers ...
[2020-05-19 15:51:58.670] [LOG]    No helper found for module: alert.
[2020-05-19 15:51:59.140] [LOG]    Initializing new module helper ...
[2020-05-19 15:51:59.152] [LOG]    Module helper loaded: updatenotification
[2020-05-19 15:51:59.167] [LOG]    No helper found for module: clock.
[2020-05-19 15:52:03.352] [LOG]    Initializing new module helper ...
[2020-05-19 15:52:03.360] [LOG]    Module helper loaded: calendar
[2020-05-19 15:52:03.457] [LOG]    Initializing new module helper ...
[2020-05-19 15:52:03.468] [LOG]    Module helper loaded: calendar2
[2020-05-19 15:52:03.474] [LOG]    No helper found for module: compliments.
[2020-05-19 15:52:03.488] [LOG]    No helper found for module: currentweather.
[2020-05-19 15:52:06.614] [LOG]    Initializing new module helper ...
[2020-05-19 15:52:06.621] [LOG]    Module helper loaded: MMM-Traffic
[2020-05-19 15:52:10.048] [LOG]    Initializing new module helper ...
[2020-05-19 15:52:10.058] [LOG]    Module helper loaded: MMM-Traffic2
[2020-05-19 15:52:10.064] [LOG]    No helper found for module: weatherforecast.
[2020-05-19 15:52:10.331] [LOG]    Initializing new module helper ...
[2020-05-19 15:52:10.339] [LOG]    Module helper loaded: newsfeed
[2020-05-19 15:52:10.342] [LOG]    All module helpers loaded.
[2020-05-19 15:52:11.450] [LOG]    Starting server on port 8080 ... 
[2020-05-19 15:52:11.701] [LOG]    Server started ...
[2020-05-19 15:52:11.717] [LOG]    Connecting socket for: updatenotification
[2020-05-19 15:52:11.722] [LOG]    Connecting socket for: calendar
[2020-05-19 15:52:11.737] [LOG]    Starting node helper for: calendar
[2020-05-19 15:52:11.748] [LOG]    Connecting socket for: calendar2
[2020-05-19 15:52:11.751] [LOG]    Starting node helper for: calendar2
[2020-05-19 15:52:11.754] [LOG]    Connecting socket for: MMM-Traffic
[2020-05-19 15:52:11.769] [LOG]    MMM-Traffic helper started ...
[2020-05-19 15:52:11.772] [LOG]    Connecting socket for: MMM-Traffic2
[2020-05-19 15:52:11.785] [LOG]    MMM-Traffic helper started ...
[2020-05-19 15:52:11.790] [LOG]    Connecting socket for: newsfeed
[2020-05-19 15:52:11.803] [LOG]    Starting module: newsfeed
[2020-05-19 15:52:11.813] [LOG]    Sockets connected & modules started ...
[2020-05-19 15:52:11.823] [LOG]    
Ready to go! Please point your browser to: http://localhost:8080
[2020-05-19 15:53:26.765] [LOG]    Create new calendar fetcher for url: https://calendar.google.com/calendar/ical/marystuartelder%40gmail.com/private-6f5f8395cf89526a9e3d2d9da4add43d/basic.ics - Interval: 300000
[2020-05-19 15:53:29.797] [LOG]    Create new calendar fetcher for url: https://calendar.google.com/calendar?cid=amhlbnJ5cGVucm9zZUBnbWFpbC5jb20 - Interval: 300000
[2020-05-19 15:53:30.603] [LOG]    Create new news fetcher for url: http://www.nytimes.com/services/xml/rss/nyt/HomePage.xml - Interval: 300000
