0 info it worked if it ends with ok
1 verbose cli [ '/usr/local/bin/node',
1 verbose cli   '/usr/local/bin/npm',
1 verbose cli   'install',
1 verbose cli   '–arch=armv7l' ]
2 info using npm@6.9.0
3 info using node@v10.16.0
4 verbose npm-session ed8976746faf3432
5 error arg Argument starts with non-ascii dash, this is probably invalid: [ '–arch=armv7l' ]
6 silly install loadCurrentTree
7 silly install readLocalPackageData
8 timing stage:rollbackFailedOptional Completed in 28ms
9 timing stage:runTopLevelLifecycles Completed in 1249ms
10 verbose stack Error: Invalid tag name "–arch=armv7l": Tags may not have any characters that encodeURIComponent encodes.
10 verbose stack     at invalidTagName (/usr/local/lib/node_modules/npm/node_modules/npm-package-arg/npa.js:87:15)
10 verbose stack     at fromRegistry (/usr/local/lib/node_modules/npm/node_modules/npm-package-arg/npa.js:290:13)
10 verbose stack     at resolve (/usr/local/lib/node_modules/npm/node_modules/npm-package-arg/npa.js:77:12)
10 verbose stack     at npa (/usr/local/lib/node_modules/npm/node_modules/npm-package-arg/npa.js:48:10)
10 verbose stack     at /usr/local/lib/node_modules/npm/lib/install/deps.js:222:14
10 verbose stack     at /usr/local/lib/node_modules/npm/node_modules/slide/lib/async-map.js:52:35
10 verbose stack     at Array.forEach (<anonymous>)
10 verbose stack     at /usr/local/lib/node_modules/npm/node_modules/slide/lib/async-map.js:52:11
10 verbose stack     at Array.forEach (<anonymous>)
10 verbose stack     at asyncMap (/usr/local/lib/node_modules/npm/node_modules/slide/lib/async-map.js:51:8)
10 verbose stack     at exports.getAllMetadata (/usr/local/lib/node_modules/npm/lib/install/deps.js:219:3)
10 verbose stack     at Installer.loadArgMetadata (/usr/local/lib/node_modules/npm/lib/install.js:360:3)
10 verbose stack     at /usr/local/lib/node_modules/npm/lib/install.js:695:16
10 verbose stack     at BB.join.then (/usr/local/lib/node_modules/npm/lib/install/read-shrinkwrap.js:34:16)
10 verbose stack     at tryCatcher (/usr/local/lib/node_modules/npm/node_modules/bluebird/js/release/util.js:16:23)
10 verbose stack     at Promise._settlePromiseFromHandler (/usr/local/lib/node_modules/npm/node_modules/bluebird/js/release/promise.js:512:31)
11 verbose cwd /home/pi/MagicMirror
12 verbose Linux 4.19.97+
13 verbose argv "/usr/local/bin/node" "/usr/local/bin/npm" "install" "–arch=armv7l"
14 verbose node v10.16.0
15 verbose npm  v6.9.0
16 error code EINVALIDTAGNAME
17 error Invalid tag name "–arch=armv7l": Tags may not have any characters that encodeURIComponent encodes.
18 verbose exit [ 1, true ]
